2019-09-21 12:36:40,219   INFO       client.py  Полученны данны ip и port сервера - 127.0.0.1, 6614
2019-09-21 12:36:41,229   CRITICAL   client.py  Нелязя установить соединение. Не верные даннные ip или port

2019-09-21 12:37:03,258   INFO       client.py  Полученны данны ip и port сервера - 127.0.0.1, 6612
2019-09-21 12:37:03,258   DEBUG      client.py  Установлено соединение с сервером
2019-09-21 12:37:03,258   INFO       client.py  Сформировано сообщение серверу - {'action': 'presence', 'time': 1569062223.2585025, 'user': {'account_name': 'Guest'}}
2019-09-21 12:37:03,258   DEBUG      client.py  Отпавлено сообщение серверу
2019-09-21 12:37:03,269   DEBUG      client.py  Разбор сообщения от сервера - {'response': 200}
2019-09-21 12:37:03,269   INFO       client.py  Получен ответ от сервера - OK: 200 

2019-09-21 12:58:56,071   INFO       client.py  Полученны данны ip и port сервера - 127.0.0.1, 7777
2019-09-21 12:58:56,071   DEBUG      client.py  Установлено соединение с сервером
2019-09-21 12:58:56,071   INFO       client.py  Сформировано сообщение серверу - {'action': 'presence', 'time': 1569063536.0718732, 'user': {'account_name': 'Guest'}}
2019-09-21 12:58:56,071   DEBUG      client.py  Отпавлено сообщение серверу
2019-09-21 12:58:56,076   DEBUG      client.py  Разбор сообщения от сервера - {'response': 200}
2019-09-21 12:58:56,076   INFO       client.py  Получен ответ от сервера - OK: 200 

2019-09-21 13:06:58,215   INFO       client.py  Полученны данны ip и port сервера - 127.0.0.1, 7777
2019-09-21 13:06:58,215   DEBUG      client.py  Установлено соединение с сервером
2019-09-21 13:06:58,215   INFO       client.py  Сформировано сообщение серверу - {'action': 'presence', 'time': 1569064018.2151759, 'user': {'account_name': 'Guest'}}
2019-09-21 13:06:58,215   DEBUG      client.py  Отпавлено сообщение серверу
2019-09-21 13:06:58,215   DEBUG      client.py  Разбор сообщения от сервера - {'time': 200}
2019-09-21 13:07:44,673   INFO       client.py  Полученны данны ip и port сервера - 127.0.0.1, 7777
2019-09-21 13:07:44,673   DEBUG      client.py  Установлено соединение с сервером
2019-09-21 13:07:44,673   INFO       client.py  Сформировано сообщение серверу - {'action': 'presence', 'time': 1569064064.673487, 'user': {'account_name': 'Guest'}}
2019-09-21 13:07:44,673   DEBUG      client.py  Отпавлено сообщение серверу
2019-09-21 13:07:44,677   DEBUG      client.py  Разбор сообщения от сервера - {'response': 200}
2019-09-21 13:07:44,677   INFO       client.py  Получен ответ от сервера - OK: 200 

2019-09-21 13:09:24,012   INFO       client.py  Полученны данны ip и port сервера - 127.0.0.1, 7777
2019-09-21 13:09:24,014   DEBUG      client.py  Установлено соединение с сервером
2019-09-21 13:09:24,014   INFO       client.py  Сформировано сообщение серверу - {'action': 'presence', 'time': 1569064164.0149326, 'user': {'account_name': 'Guest'}}
2019-09-21 13:09:24,014   DEBUG      client.py  Отпавлено сообщение серверу
2019-09-21 13:09:24,014   DEBUG      client.py  Разбор сообщения от сервера - {'time': 200}
2019-09-21 13:10:46,747   INFO       client.py  Полученны данны ip и port сервера - 127.0.0.1, 7777
2019-09-21 13:10:46,748   DEBUG      client.py  Установлено соединение с сервером
2019-09-21 13:10:46,748   INFO       client.py  Сформировано сообщение серверу - {'action': 'presence', 'time': 1569064246.7488325, 'user': {'account_name': 'Guest'}}
2019-09-21 13:10:46,748   DEBUG      client.py  Отпавлено сообщение серверу
2019-09-21 13:10:46,749   DEBUG      client.py  Разбор сообщения от сервера - {'time': 200}
2019-09-21 13:13:35,550   INFO       client.py  Полученны данны ip и port сервера - 127.0.0.1, 7777
2019-09-21 13:13:35,552   DEBUG      client.py  Установлено соединение с сервером
2019-09-21 13:13:35,552   INFO       client.py  Сформировано сообщение серверу - {'action': 'presence', 'time': 1569064415.5520194, 'user': {'account_name': 'Guest'}}
2019-09-21 13:13:35,552   DEBUG      client.py  Отпавлено сообщение серверу
2019-09-21 13:13:35,553   DEBUG      client.py  Разбор сообщения от сервера - {'time': 200}
2019-09-21 13:13:35,554   ERROR      client.py  Нет обязательного поля - Missing a required field response
2019-09-21 13:15:43,323   INFO       client.py  Полученны данны ip и port сервера - 127.0.0.1, 7777
2019-09-21 13:15:43,324   DEBUG      client.py  Установлено соединение с сервером
2019-09-21 13:15:43,324   INFO       client.py  Сформировано сообщение серверу - {'action': 'presence', 'time': 1569064543.3244743, 'user': {'account_name': 'Guest'}}
2019-09-21 13:15:43,324   DEBUG      client.py  Отпавлено сообщение серверу
2019-09-21 13:15:43,325   DEBUG      client.py  Разбор сообщения от сервера - {'time': 200}
2019-09-21 13:15:43,325   ERROR      client.py  Нет обязательного поля - Missing a required field response
2019-09-21 13:16:34,575   INFO       client.py  Полученны данны ip и port сервера - 127.0.0.1, 7777
2019-09-21 13:16:34,575   DEBUG      client.py  Установлено соединение с сервером
2019-09-21 13:16:34,575   INFO       client.py  Сформировано сообщение серверу - {'action': 'presence', 'time': 1569064594.5751536, 'user': {'account_name': 'Guest'}}
2019-09-21 13:16:34,575   DEBUG      client.py  Отпавлено сообщение серверу
2019-09-21 13:16:34,575   DEBUG      client.py  Разбор сообщения от сервера - {'response': 200}
2019-09-21 13:16:34,575   INFO       client.py  Получен ответ от сервера - OK: 200 

2019-09-21 13:17:24,095   CRITICAL   client.py  Имя должно быть словом не длиннее 25 - very very very long username

2019-09-21 13:17:24,098   CRITICAL   client.py  Имя должно быть словом не длиннее 25 - 789

2019-09-21 13:17:24,101   INFO       client.py  Полученны данны ip и port сервера - 44.23.4.4, 5667
2019-09-21 13:17:24,102   INFO       client.py  Полученны данны ip и port сервера - 127.0.0.1, 7777
2019-09-21 13:17:24,102   CRITICAL   client.py  Неверный ip или port (1024 - 65535) - 4444.23.4.4, 5678

2019-09-21 13:17:24,104   CRITICAL   client.py  Неверный ip или port (1024 - 65535) - 44.23.4.4, 567

2019-09-21 13:17:24,106   DEBUG      client.py  Разбор сообщения от сервера - {'response': 200}
2019-09-21 13:17:24,107   DEBUG      client.py  Разбор сообщения от сервера - {'response': 400, 'error': 'Bad Request'}
2019-09-21 13:17:24,108   DEBUG      client.py  Разбор сообщения от сервера - {'response': 700}
2019-09-21 13:17:24,211   DEBUG      client.py  Разбор сообщения от сервера - {'error': 1.1}
2019-09-21 13:17:43,654   CRITICAL   client.py  Имя должно быть словом не длиннее 25 - very very very long username

2019-09-21 13:17:43,654   CRITICAL   client.py  Имя должно быть словом не длиннее 25 - 789

2019-09-21 13:17:43,654   INFO       client.py  Полученны данны ip и port сервера - 44.23.4.4, 5667
2019-09-21 13:17:43,654   INFO       client.py  Полученны данны ip и port сервера - 127.0.0.1, 7777
2019-09-21 13:17:43,654   CRITICAL   client.py  Неверный ip или port (1024 - 65535) - 4444.23.4.4, 5678

2019-09-21 13:17:43,671   CRITICAL   client.py  Неверный ip или port (1024 - 65535) - 44.23.4.4, 567

2019-09-21 13:17:43,672   DEBUG      client.py  Разбор сообщения от сервера - {'response': 200}
2019-09-21 13:17:43,674   DEBUG      client.py  Разбор сообщения от сервера - {'response': 400, 'error': 'Bad Request'}
2019-09-21 13:17:43,674   DEBUG      client.py  Разбор сообщения от сервера - {'response': 700}
2019-09-21 13:17:43,679   DEBUG      client.py  Разбор сообщения от сервера - {'error': 1.1}
2019-09-21 13:27:49,965   INFO       client.py  Полученны данны ip и port сервера - 127.0.0.1, 7777
2019-09-21 13:27:49,966   DEBUG      client.py  Установлено соединение с сервером
2019-09-21 13:27:49,966   INFO       client.py  Сформировано сообщение серверу - {'action': 'presence', 'time': 1569065269.966864, 'user': {'account_name': 'Guest'}}
2019-09-21 13:27:49,966   DEBUG      client.py  Отпавлено сообщение серверу
2019-09-21 13:27:49,967   DEBUG      client.py  Разбор сообщения от сервера - {'response': 700}
2019-09-21 13:28:19,593   INFO       client.py  Полученны данны ip и port сервера - 127.0.0.1, 7777
2019-09-21 13:28:19,594   DEBUG      client.py  Установлено соединение с сервером
2019-09-21 13:28:19,594   INFO       client.py  Сформировано сообщение серверу - {'action': 'presence', 'time': 1569065299.5943267, 'user': {'account_name': 'Guest'}}
2019-09-21 13:28:19,594   DEBUG      client.py  Отпавлено сообщение серверу
2019-09-21 13:28:19,596   DEBUG      client.py  Разбор сообщения от сервера - {'response': 700}
2019-09-21 13:28:19,597   ERROR      client.py  Неверный код в сообщении
2019-09-21 13:29:02,445   INFO       client.py  Полученны данны ip и port сервера - 127.0.0.1, 7777
2019-09-21 13:29:02,446   DEBUG      client.py  Установлено соединение с сервером
2019-09-21 13:29:02,446   INFO       client.py  Сформировано сообщение серверу - {'action': 'presence', 'time': 1569065342.4466243, 'user': {'account_name': 'Guest'}}
2019-09-21 13:29:02,446   DEBUG      client.py  Отпавлено сообщение серверу
2019-09-21 13:29:02,448   DEBUG      client.py  Разбор сообщения от сервера - {'response': 700}
2019-09-21 13:29:02,448   ERROR      client.py  Неверный код в сообщении Не верный код в сообщении 700
2019-09-21 13:29:57,114   INFO       client.py  Полученны данны ip и port сервера - 127.0.0.1, 7777
2019-09-21 13:29:57,114   DEBUG      client.py  Установлено соединение с сервером
2019-09-21 13:29:57,114   INFO       client.py  Сформировано сообщение серверу - {'action': 'presence', 'time': 1569065397.1140897, 'user': {'account_name': 'Guest'}}
2019-09-21 13:29:57,114   DEBUG      client.py  Отпавлено сообщение серверу
2019-09-21 13:29:57,114   DEBUG      client.py  Разбор сообщения от сервера - {'response': 700}
2019-09-21 13:29:57,114   ERROR      client.py  Неверный код в сообщении - Invalid code in message 700
2019-09-21 13:30:30,672   INFO       client.py  Полученны данны ip и port сервера - 127.0.0.1, 7777
2019-09-21 13:30:30,673   DEBUG      client.py  Установлено соединение с сервером
2019-09-21 13:30:30,673   INFO       client.py  Сформировано сообщение серверу - {'action': 'presence', 'time': 1569065430.6734219, 'user': {'account_name': 'Guest'}}
2019-09-21 13:30:30,673   DEBUG      client.py  Отпавлено сообщение серверу
2019-09-21 13:30:30,673   DEBUG      client.py  Разбор сообщения от сервера - {'response': 200}
2019-09-21 13:30:30,673   INFO       client.py  Получен ответ от сервера - OK: 200 

2019-09-21 13:31:01,785   DEBUG      client.py  Разбор сообщения от сервера - {'response': 700}
2019-09-21 13:31:05,287   CRITICAL   client.py  Имя должно быть словом не длиннее 25 - very very very long username

2019-09-21 13:31:05,287   CRITICAL   client.py  Имя должно быть словом не длиннее 25 - 789

2019-09-21 13:31:05,289   INFO       client.py  Полученны данны ip и port сервера - 44.23.4.4, 5667
2019-09-21 13:31:05,290   INFO       client.py  Полученны данны ip и port сервера - 127.0.0.1, 7777
2019-09-21 13:31:05,290   CRITICAL   client.py  Неверный ip или port (1024 - 65535) - 4444.23.4.4, 5678

2019-09-21 13:31:05,292   CRITICAL   client.py  Неверный ip или port (1024 - 65535) - 44.23.4.4, 567

2019-09-21 13:31:05,293   DEBUG      client.py  Разбор сообщения от сервера - {'response': 200}
2019-09-21 13:31:05,293   DEBUG      client.py  Разбор сообщения от сервера - {'response': 400, 'error': 'Bad Request'}
2019-09-21 13:31:05,295   DEBUG      client.py  Разбор сообщения от сервера - {'response': 700}
2019-09-21 13:31:05,296   DEBUG      client.py  Разбор сообщения от сервера - {'error': 1.1}
