2019-09-24 08:42:51,396   INFO       client.py  Полученны данны ip и port сервера - 127.0.0.1, 7777
2019-09-24 08:42:51,396   DEBUG      client.py  Установлено соединение с сервером
2019-09-24 08:42:51,396   INFO       client.py  Сформировано сообщение серверу - {'action': 'presence', 'time': 1569307371.396981, 'user': {'account_name': 'Guest'}}
2019-09-24 08:42:51,396   DEBUG      client.py  Отпавлено сообщение серверу
2019-09-24 08:42:51,396   DEBUG      client.py  Разбор сообщения от сервера - {'response': 200}
2019-09-24 08:42:51,396   INFO       client.py  Получен ответ от сервера - OK: 200 

2019-09-24 08:43:25,759   INFO       client.py  Полученны данны ip и port сервера - 127.0.0.1, 7777
2019-09-24 08:43:25,759   DEBUG      client.py  Установлено соединение с сервером
2019-09-24 08:43:25,759   INFO       client.py  Сформировано сообщение серверу - {'action': 'presence', 'time': 1569307405.759171, 'user': {'account_name': 'Guest'}}
2019-09-24 08:43:25,759   DEBUG      client.py  Отпавлено сообщение серверу
2019-09-24 08:43:25,759   DEBUG      client.py  Разбор сообщения от сервера - {'response': 200}
2019-09-24 08:43:25,759   INFO       client.py  Получен ответ от сервера - OK: 200 

2019-09-24 08:58:08,300   INFO       client.py  Полученны данны ip и port сервера - 127.0.0.1, 7777
2019-09-24 08:58:08,300   DEBUG      client.py  Установлено соединение с сервером
2019-09-24 08:58:08,300   INFO       client.py  Сформировано сообщение серверу - {'action': 'presence', 'time': 1569308288.300424, 'user': {'account_name': 'Guest'}}
2019-09-24 08:58:08,300   DEBUG      client.py  Отпавлено сообщение серверу
2019-09-24 08:58:08,300   DEBUG      client.py  Разбор сообщения от сервера - {'response': 200}
2019-09-24 08:58:08,300   INFO       client.py  Получен ответ от сервера - OK: 200 

2019-09-24 08:59:15,567   INFO       client.py  Полученны данны ip и port сервера - 127.0.0.1, 7777
2019-09-24 08:59:15,567   DEBUG      client.py  Установлено соединение с сервером
2019-09-24 08:59:15,567   INFO       client.py  Сформировано сообщение серверу - {'action': 'presence', 'time': 1569308355.5670524, 'user': {'account_name': 'Guest'}}
2019-09-24 08:59:15,567   DEBUG      client.py  Отпавлено сообщение серверу
2019-09-24 08:59:15,567   DEBUG      client.py  Разбор сообщения от сервера - {'response': 200}
2019-09-24 08:59:15,567   INFO       client.py  Получен ответ от сервера - OK: 200 

2019-09-24 09:06:56,054   DEBUG      decos.py   Запущена функция get_ip_port, из модуля __main__, с параметрами (), {}
2019-09-24 09:06:56,054   INFO       client.py  Полученны данны ip и port сервера - 127.0.0.1, 7777
2019-09-24 09:06:56,054   DEBUG      client.py  Установлено соединение с сервером
2019-09-24 09:06:56,054   DEBUG      decos.py   Запущена функция create_presence_msg, из модуля __main__, с параметрами (), {}
2019-09-24 09:06:56,054   INFO       client.py  Сформировано сообщение серверу - {'action': 'presence', 'time': 1569308816.0548391, 'user': {'account_name': 'Guest'}}
2019-09-24 09:06:56,054   DEBUG      client.py  Отпавлено сообщение серверу
2019-09-24 09:06:56,054   DEBUG      client.py  Разбор сообщения от сервера - {'response': 200}
2019-09-24 09:06:56,054   INFO       client.py  Получен ответ от сервера - OK: 200 

2019-09-24 09:08:23,072   DEBUG      decos.py   Запущена функция main, из модуля __main__, с параметрами (), {}
2019-09-24 09:08:23,072   DEBUG      decos.py   Запущена функция get_ip_port, из модуля __main__, с параметрами (), {}
2019-09-24 09:08:23,072   INFO       client.py  Полученны данны ip и port сервера - 127.0.0.1, 7777
2019-09-24 09:08:23,072   DEBUG      client.py  Установлено соединение с сервером
2019-09-24 09:08:23,072   DEBUG      decos.py   Запущена функция create_presence_msg, из модуля __main__, с параметрами (), {}
2019-09-24 09:08:23,072   INFO       client.py  Сформировано сообщение серверу - {'action': 'presence', 'time': 1569308903.0728185, 'user': {'account_name': 'Guest'}}
2019-09-24 09:08:23,072   DEBUG      client.py  Отпавлено сообщение серверу
2019-09-24 09:08:23,072   DEBUG      decos.py   Запущена функция valid_server_answer, из модуля __main__, с параметрами ({'response': 200},), {}
2019-09-24 09:08:23,072   DEBUG      client.py  Разбор сообщения от сервера - {'response': 200}
2019-09-24 09:08:23,072   INFO       client.py  Получен ответ от сервера - OK: 200 

2019-09-24 09:09:17,132   DEBUG      decos.py   Запущена функция main, из модуля __main__, с параметрами (), {}
2019-09-24 09:09:17,132   DEBUG      decos.py   Запущена функция get_ip_port, из модуля __main__, с параметрами (), {}
2019-09-24 09:09:17,132   INFO       client.py  Полученны данны ip и port сервера - 127.0.0.1, 7777
2019-09-24 09:09:17,132   DEBUG      client.py  Установлено соединение с сервером
2019-09-24 09:09:17,132   DEBUG      decos.py   Запущена функция create_presence_msg, из модуля __main__, с параметрами (), {}
2019-09-24 09:09:17,132   INFO       client.py  Сформировано сообщение серверу - {'action': 'presence', 'time': 1569308957.1326096, 'user': {'account_name': 'Guest'}}
2019-09-24 09:09:17,132   DEBUG      client.py  Отпавлено сообщение серверу
2019-09-24 09:09:17,132   DEBUG      decos.py   Запущена функция valid_server_answer, из модуля __main__, с параметрами ({'response': 200},), {}
2019-09-24 09:09:17,132   DEBUG      client.py  Разбор сообщения от сервера - {'response': 200}
2019-09-24 09:09:17,132   INFO       client.py  Получен ответ от сервера - OK: 200 

